<?xml version="1.0" encoding="UTF-8"?>
<!-- Generated by org.testng.reporters.JUnitReportReporter -->
<testsuite hostname="DESKTOP-25T4SKK" failures="0" tests="1" name="Assignments.assignment.VerifyChildWindowTitle3" time="17.740" errors="0" timestamp="2025-04-04T17:40:55 IST" skipped="0">
  <testcase classname="Assignments.assignment.VerifyChildWindowTitle3" name="verifyAutifyTitle" time="17.740"/>
</testsuite> <!-- Assignments.assignment.VerifyChildWindowTitle3 -->
