<?xml version="1.0" encoding="UTF-8"?>
<!-- Generated by org.testng.reporters.JUnitReportReporter -->
<testsuite hostname="DESKTOP-25T4SKK" failures="0" tests="1" name="Assignments.assignment.AutifyTest4" time="24.378" errors="0" timestamp="2025-04-04T17:40:55 IST" skipped="0">
  <testcase classname="Assignments.assignment.AutifyTest4" name="verifyErrorMessage" time="24.378"/>
</testsuite> <!-- Assignments.assignment.AutifyTest4 -->
