<?xml version="1.0" encoding="UTF-8"?>
<!-- Generated by org.testng.reporters.JUnitReportReporter -->
<testsuite hostname="DESKTOP-25T4SKK" failures="0" tests="2" name="Assignments.assignment.RestCountriesApiTest" time="4.208" errors="0" timestamp="2025-04-01T15:39:18 IST" skipped="0">
  <testcase classname="Assignments.assignment.RestCountriesApiTest" name="testInvalidCapital" time="3.460"/>
  <testcase classname="Assignments.assignment.RestCountriesApiTest" name="testValidCapital" time="0.748"/>
</testsuite> <!-- Assignments.assignment.RestCountriesApiTest -->
