<?xml version="1.0" encoding="UTF-8"?>
<!-- Generated by org.testng.reporters.JUnitReportReporter -->
<testsuite hostname="DESKTOP-25T4SKK" failures="0" tests="1" name="Assignments.assignment.AutifyTest" time="21.826" errors="0" timestamp="2025-04-01T16:50:36 IST" skipped="0">
  <testcase classname="Assignments.assignment.AutifyTest" name="verifyErrorMessage" time="21.826"/>
</testsuite> <!-- Assignments.assignment.AutifyTest -->
