<?xml version="1.0" encoding="UTF-8"?>
<!-- Generated by org.testng.reporters.JUnitReportReporter -->
<testsuite hostname="DESKTOP-25T4SKK" failures="0" tests="1" name="Assignments.assignment.AutifyTest4" time="23.008" errors="0" timestamp="2025-04-02T12:58:15 IST" skipped="0">
  <testcase classname="Assignments.assignment.AutifyTest4" name="verifyErrorMessage" time="23.008"/>
</testsuite> <!-- Assignments.assignment.AutifyTest4 -->
