<?xml version="1.0" encoding="UTF-8"?>
<!-- Generated by org.testng.reporters.JUnitReportReporter -->
<testsuite hostname="DESKTOP-25T4SKK" failures="0" tests="1" name="Assignments.assignment.VerifyChildWindowTitle1" time="17.433" errors="0" timestamp="2025-04-02T14:38:49 IST" skipped="0">
  <testcase classname="Assignments.assignment.VerifyChildWindowTitle1" name="verifyAutifyTitle" time="17.433"/>
</testsuite> <!-- Assignments.assignment.VerifyChildWindowTitle1 -->
