<?xml version="1.0" encoding="UTF-8"?>
<!-- Generated by org.testng.reporters.JUnitReportReporter -->
<testsuite hostname="DESKTOP-25T4SKK" failures="0" tests="2" name="Assignments.assignment.AutifyTest5" time="14.575" errors="0" timestamp="2025-04-02T15:18:28 IST" skipped="0">
  <testcase classname="Assignments.assignment.AutifyTest5" name="testStartFreeTrialButtonAndSwitchWindow" time="14.487"/>
  <testcase classname="Assignments.assignment.AutifyTest5" name="testVerifyErrorMessages" time="0.088"/>
</testsuite> <!-- Assignments.assignment.AutifyTest5 -->
