<?xml version="1.0" encoding="UTF-8"?>
<!-- Generated by org.testng.reporters.JUnitReportReporter -->
<testsuite hostname="DESKTOP-25T4SKK" failures="0" tests="2" name="Assignments.assignment.RestCountriesApiTest8" time="4.634" errors="0" timestamp="2025-04-02T15:22:31 IST" skipped="0">
  <testcase classname="Assignments.assignment.RestCountriesApiTest8" name="testInvalidCapital" time="3.817"/>
  <testcase classname="Assignments.assignment.RestCountriesApiTest8" name="testValidCapital" time="0.817"/>
</testsuite> <!-- Assignments.assignment.RestCountriesApiTest8 -->
